DEBUG:PIL.TiffImagePlugin:*** TiffImageFile._open ***
DEBUG:PIL.TiffImagePlugin:- __first: 8
DEBUG:PIL.TiffImagePlugin:- ifh: b'II*\x00\x08\x00\x00\x00'
DEBUG:PIL.TiffImagePlugin:Seeking to frame 0, on frame -1, __next 8, location: 8
DEBUG:PIL.TiffImagePlugin:Loading tags, location: 8
DEBUG:PIL.TiffImagePlugin:tag: NewSubfileType (254) - type: long (4) - value: b'\x00\x00\x00\x00'
DEBUG:PIL.TiffImagePlugin:tag: ImageWidth (256) - type: short (3) - value: b'\x1b\x08'
DEBUG:PIL.TiffImagePlugin:tag: ImageLength (257) - type: short (3) - value: b'p\n'
DEBUG:PIL.TiffImagePlugin:tag: BitsPerSample (258) - type: short (3) Tag Location: 58 - Data Location: 254 - value: b'\x08\x00\x08\x00\x08\x00'
DEBUG:PIL.TiffImagePlugin:tag: Compression (259) - type: short (3) - value: b'\x01\x00'
DEBUG:PIL.TiffImagePlugin:tag: PhotometricInterpretation (262) - type: short (3) - value: b'\x02\x00'
DEBUG:PIL.TiffImagePlugin:tag: StripOffsets (273) - type: long (4) - value: b'XT\x00\x00'
DEBUG:PIL.TiffImagePlugin:tag: Orientation (274) - type: short (3) - value: b'\x01\x00'
DEBUG:PIL.TiffImagePlugin:tag: SamplesPerPixel (277) - type: short (3) - value: b'\x03\x00'
DEBUG:PIL.TiffImagePlugin:tag: RowsPerStrip (278) - type: short (3) - value: b'p\n'
DEBUG:PIL.TiffImagePlugin:tag: StripByteCounts (279) - type: long (4) - value: b'p\xcd\xfd\x00'
DEBUG:PIL.TiffImagePlugin:tag: XResolution (282) - type: rational (5) Tag Location: 154 - Data Location: 260 - value: b"\xc0\xc6-\x00\x10'\x00\x00"
DEBUG:PIL.TiffImagePlugin:tag: YResolution (283) - type: rational (5) Tag Location: 166 - Data Location: 268 - value: b"\xc0\xc6-\x00\x10'\x00\x00"
DEBUG:PIL.TiffImagePlugin:tag: PlanarConfiguration (284) - type: short (3) - value: b'\x01\x00'
DEBUG:PIL.TiffImagePlugin:tag: ResolutionUnit (296) - type: short (3) - value: b'\x02\x00'
DEBUG:PIL.TiffImagePlugin:tag: Software (305) - type: string (2) Tag Location: 202 - Data Location: 276 - value: b'Adobe Photoshop 21.1 (Windows)\x00'
DEBUG:PIL.TiffImagePlugin:tag: DateTime (306) - type: string (2) Tag Location: 214 - Data Location: 308 - value: b'2021:05:06 14:02:44\x00'
DEBUG:PIL.TiffImagePlugin:tag: XMP (700) - type: byte (1) Tag Location: 226 - Data Location: 328 - value: <table: 13851 bytes>
DEBUG:PIL.TiffImagePlugin:tag: PhotoshopInfo (34377) - type: byte (1) Tag Location: 238 - Data Location: 14180 - value: <table: 7412 bytes>
DEBUG:PIL.TiffImagePlugin:tag: ExifIFD (34665) - type: long (4) - value: b'\xc8!\xfe\x00'
DEBUG:PIL.TiffImagePlugin:tag: NewSubfileType (254) - type: long (4) - value: b'\x00\x00\x00\x00'
DEBUG:PIL.TiffImagePlugin:tag: ImageWidth (256) - type: short (3) - value: b'\x1b\x08'
DEBUG:PIL.TiffImagePlugin:tag: ImageLength (257) - type: short (3) - value: b'p\n'
DEBUG:PIL.TiffImagePlugin:tag: BitsPerSample (258) - type: short (3) Tag Location: 58 - Data Location: 254 - value: b'\x08\x00\x08\x00\x08\x00'
DEBUG:PIL.TiffImagePlugin:tag: Compression (259) - type: short (3) - value: b'\x01\x00'
DEBUG:PIL.TiffImagePlugin:tag: PhotometricInterpretation (262) - type: short (3) - value: b'\x02\x00'
DEBUG:PIL.TiffImagePlugin:tag: StripOffsets (273) - type: long (4) - value: b'XT\x00\x00'
DEBUG:PIL.TiffImagePlugin:tag: Orientation (274) - type: short (3) - value: b'\x01\x00'
DEBUG:PIL.TiffImagePlugin:tag: SamplesPerPixel (277) - type: short (3) - value: b'\x03\x00'
DEBUG:PIL.TiffImagePlugin:tag: RowsPerStrip (278) - type: short (3) - value: b'p\n'
DEBUG:PIL.TiffImagePlugin:tag: StripByteCounts (279) - type: long (4) - value: b'p\xcd\xfd\x00'
DEBUG:PIL.TiffImagePlugin:tag: XResolution (282) - type: rational (5) Tag Location: 154 - Data Location: 260 - value: b"\xc0\xc6-\x00\x10'\x00\x00"
DEBUG:PIL.TiffImagePlugin:tag: YResolution (283) - type: rational (5) Tag Location: 166 - Data Location: 268 - value: b"\xc0\xc6-\x00\x10'\x00\x00"
DEBUG:PIL.TiffImagePlugin:tag: PlanarConfiguration (284) - type: short (3) - value: b'\x01\x00'
DEBUG:PIL.TiffImagePlugin:tag: ResolutionUnit (296) - type: short (3) - value: b'\x02\x00'
DEBUG:PIL.TiffImagePlugin:tag: Software (305) - type: string (2) Tag Location: 202 - Data Location: 276 - value: b'Adobe Photoshop 21.1 (Windows)\x00'
DEBUG:PIL.TiffImagePlugin:tag: DateTime (306) - type: string (2) Tag Location: 214 - Data Location: 308 - value: b'2021:05:06 14:02:44\x00'
DEBUG:PIL.TiffImagePlugin:tag: XMP (700) - type: byte (1) Tag Location: 226 - Data Location: 328 - value: <table: 13851 bytes>
DEBUG:PIL.TiffImagePlugin:tag: PhotoshopInfo (34377) - type: byte (1) Tag Location: 238 - Data Location: 14180 - value: <table: 7412 bytes>
DEBUG:PIL.TiffImagePlugin:tag: ExifIFD (34665) - type: long (4) - value: b'\xc8!\xfe\x00'
DEBUG:PIL.TiffImagePlugin:*** Summary ***
DEBUG:PIL.TiffImagePlugin:- compression: raw
DEBUG:PIL.TiffImagePlugin:- photometric_interpretation: 2
DEBUG:PIL.TiffImagePlugin:- planar_configuration: 1
DEBUG:PIL.TiffImagePlugin:- fill_order: 1
DEBUG:PIL.TiffImagePlugin:- YCbCr subsampling: None
DEBUG:PIL.TiffImagePlugin:- size: (2075, 2672)
DEBUG:PIL.TiffImagePlugin:format key: (b'II', 2, (1,), 1, (8, 8, 8), ())
DEBUG:PIL.TiffImagePlugin:- raw mode: RGB
DEBUG:PIL.TiffImagePlugin:- pil mode: RGB
DEBUG:PIL.TiffImagePlugin:tag: NewSubfileType (254) - type: long (4) - value: b'\x00\x00\x00\x00'
DEBUG:PIL.TiffImagePlugin:tag: ImageWidth (256) - type: short (3) - value: b'\x1b\x08'
DEBUG:PIL.TiffImagePlugin:tag: ImageLength (257) - type: short (3) - value: b'p\n'
DEBUG:PIL.TiffImagePlugin:tag: BitsPerSample (258) - type: short (3) Tag Location: 58 - Data Location: 254 - value: b'\x08\x00\x08\x00\x08\x00'
DEBUG:PIL.TiffImagePlugin:tag: Compression (259) - type: short (3) - value: b'\x01\x00'
DEBUG:PIL.TiffImagePlugin:tag: PhotometricInterpretation (262) - type: short (3) - value: b'\x02\x00'
DEBUG:PIL.TiffImagePlugin:tag: StripOffsets (273) - type: long (4) - value: b'XT\x00\x00'
DEBUG:PIL.TiffImagePlugin:tag: Orientation (274) - type: short (3) - value: b'\x01\x00'
DEBUG:PIL.TiffImagePlugin:tag: SamplesPerPixel (277) - type: short (3) - value: b'\x03\x00'
DEBUG:PIL.TiffImagePlugin:tag: RowsPerStrip (278) - type: short (3) - value: b'p\n'
DEBUG:PIL.TiffImagePlugin:tag: StripByteCounts (279) - type: long (4) - value: b'p\xcd\xfd\x00'
DEBUG:PIL.TiffImagePlugin:tag: XResolution (282) - type: rational (5) Tag Location: 154 - Data Location: 260 - value: b"\xc0\xc6-\x00\x10'\x00\x00"
DEBUG:PIL.TiffImagePlugin:tag: YResolution (283) - type: rational (5) Tag Location: 166 - Data Location: 268 - value: b"\xc0\xc6-\x00\x10'\x00\x00"
DEBUG:PIL.TiffImagePlugin:tag: PlanarConfiguration (284) - type: short (3) - value: b'\x01\x00'
DEBUG:PIL.TiffImagePlugin:tag: ResolutionUnit (296) - type: short (3) - value: b'\x02\x00'
DEBUG:PIL.TiffImagePlugin:tag: Software (305) - type: string (2) Tag Location: 202 - Data Location: 276 - value: b'Adobe Photoshop 21.1 (Windows)\x00'
DEBUG:PIL.TiffImagePlugin:tag: DateTime (306) - type: string (2) Tag Location: 214 - Data Location: 308 - value: b'2021:05:06 14:02:44\x00'
DEBUG:PIL.TiffImagePlugin:tag: XMP (700) - type: byte (1) Tag Location: 226 - Data Location: 328 - value: <table: 13851 bytes>
DEBUG:PIL.TiffImagePlugin:tag: PhotoshopInfo (34377) - type: byte (1) Tag Location: 238 - Data Location: 14180 - value: <table: 7412 bytes>
DEBUG:PIL.TiffImagePlugin:tag: ExifIFD (34665) - type: long (4) - value: b'\xc8!\xfe\x00'
DEBUG:PIL.TiffImagePlugin:tag: ColorSpace (40961) - type: short (3) - value: b'\xff\xff'
DEBUG:PIL.TiffImagePlugin:tag: PixelXDimension (40962) - type: long (4) - value: b'\x1b\x08\x00\x00'
DEBUG:PIL.TiffImagePlugin:tag: PixelYDimension (40963) - type: long (4) - value: b'p\n\x00\x00'
DEBUG:PIL.TiffImagePlugin:*** TiffImageFile._open ***
DEBUG:PIL.TiffImagePlugin:- __first: 8
DEBUG:PIL.TiffImagePlugin:- ifh: b'II*\x00\x08\x00\x00\x00'
DEBUG:PIL.TiffImagePlugin:Seeking to frame 0, on frame -1, __next 8, location: 8
DEBUG:PIL.TiffImagePlugin:Loading tags, location: 8
DEBUG:PIL.TiffImagePlugin:tag: NewSubfileType (254) - type: long (4) - value: b'\x00\x00\x00\x00'
DEBUG:PIL.TiffImagePlugin:tag: ImageWidth (256) - type: short (3) - value: b'#\x08'
DEBUG:PIL.TiffImagePlugin:tag: ImageLength (257) - type: short (3) - value: b'~\t'
DEBUG:PIL.TiffImagePlugin:tag: BitsPerSample (258) - type: short (3) Tag Location: 58 - Data Location: 266 - value: b'\x08\x00\x08\x00\x08\x00'
DEBUG:PIL.TiffImagePlugin:tag: Compression (259) - type: short (3) - value: b'\x01\x00'
DEBUG:PIL.TiffImagePlugin:tag: PhotometricInterpretation (262) - type: short (3) - value: b'\x02\x00'
DEBUG:PIL.TiffImagePlugin:tag: StripOffsets (273) - type: long (4) - value: b'\x9eQ\x00\x00'
DEBUG:PIL.TiffImagePlugin:tag: Orientation (274) - type: short (3) - value: b'\x01\x00'
DEBUG:PIL.TiffImagePlugin:tag: SamplesPerPixel (277) - type: short (3) - value: b'\x03\x00'
DEBUG:PIL.TiffImagePlugin:tag: RowsPerStrip (278) - type: short (3) - value: b'~\t'
DEBUG:PIL.TiffImagePlugin:tag: StripByteCounts (279) - type: long (4) - value: b'\xae\xb4\xe7\x00'
DEBUG:PIL.TiffImagePlugin:tag: XResolution (282) - type: rational (5) Tag Location: 154 - Data Location: 272 - value: b"\xc0\xc6-\x00\x10'\x00\x00"
DEBUG:PIL.TiffImagePlugin:tag: YResolution (283) - type: rational (5) Tag Location: 166 - Data Location: 280 - value: b"\xc0\xc6-\x00\x10'\x00\x00"
DEBUG:PIL.TiffImagePlugin:tag: PlanarConfiguration (284) - type: short (3) - value: b'\x01\x00'
DEBUG:PIL.TiffImagePlugin:tag: ResolutionUnit (296) - type: short (3) - value: b'\x02\x00'
DEBUG:PIL.TiffImagePlugin:tag: Software (305) - type: string (2) Tag Location: 202 - Data Location: 288 - value: b'Adobe Photoshop 21.1 (Windows)\x00'
DEBUG:PIL.TiffImagePlugin:tag: DateTime (306) - type: string (2) Tag Location: 214 - Data Location: 320 - value: b'2021:05:06 14:53:52\x00'
DEBUG:PIL.TiffImagePlugin:tag: XMP (700) - type: byte (1) Tag Location: 226 - Data Location: 340 - value: <table: 13851 bytes>
DEBUG:PIL.TiffImagePlugin:tag: PhotoshopInfo (34377) - type: byte (1) Tag Location: 238 - Data Location: 14192 - value: <table: 6702 bytes>
DEBUG:PIL.TiffImagePlugin:tag: ExifIFD (34665) - type: long (4) - value: b'L\x06\xe8\x00'
DEBUG:PIL.TiffImagePlugin:tag: ImageSourceData (37724) - type: undefined (7) Tag Location: 262 - Data Location: 15206008 - value: <table: 13629364 bytes>
DEBUG:PIL.TiffImagePlugin:tag: NewSubfileType (254) - type: long (4) - value: b'\x00\x00\x00\x00'
DEBUG:PIL.TiffImagePlugin:tag: ImageWidth (256) - type: short (3) - value: b'#\x08'
DEBUG:PIL.TiffImagePlugin:tag: ImageLength (257) - type: short (3) - value: b'~\t'
DEBUG:PIL.TiffImagePlugin:tag: BitsPerSample (258) - type: short (3) Tag Location: 58 - Data Location: 266 - value: b'\x08\x00\x08\x00\x08\x00'
DEBUG:PIL.TiffImagePlugin:tag: Compression (259) - type: short (3) - value: b'\x01\x00'
DEBUG:PIL.TiffImagePlugin:tag: PhotometricInterpretation (262) - type: short (3) - value: b'\x02\x00'
DEBUG:PIL.TiffImagePlugin:tag: StripOffsets (273) - type: long (4) - value: b'\x9eQ\x00\x00'
DEBUG:PIL.TiffImagePlugin:tag: Orientation (274) - type: short (3) - value: b'\x01\x00'
DEBUG:PIL.TiffImagePlugin:tag: SamplesPerPixel (277) - type: short (3) - value: b'\x03\x00'
DEBUG:PIL.TiffImagePlugin:tag: RowsPerStrip (278) - type: short (3) - value: b'~\t'
DEBUG:PIL.TiffImagePlugin:tag: StripByteCounts (279) - type: long (4) - value: b'\xae\xb4\xe7\x00'
DEBUG:PIL.TiffImagePlugin:tag: XResolution (282) - type: rational (5) Tag Location: 154 - Data Location: 272 - value: b"\xc0\xc6-\x00\x10'\x00\x00"
DEBUG:PIL.TiffImagePlugin:tag: YResolution (283) - type: rational (5) Tag Location: 166 - Data Location: 280 - value: b"\xc0\xc6-\x00\x10'\x00\x00"
DEBUG:PIL.TiffImagePlugin:tag: PlanarConfiguration (284) - type: short (3) - value: b'\x01\x00'
DEBUG:PIL.TiffImagePlugin:tag: ResolutionUnit (296) - type: short (3) - value: b'\x02\x00'
DEBUG:PIL.TiffImagePlugin:tag: Software (305) - type: string (2) Tag Location: 202 - Data Location: 288 - value: b'Adobe Photoshop 21.1 (Windows)\x00'
DEBUG:PIL.TiffImagePlugin:tag: DateTime (306) - type: string (2) Tag Location: 214 - Data Location: 320 - value: b'2021:05:06 14:53:52\x00'
DEBUG:PIL.TiffImagePlugin:tag: XMP (700) - type: byte (1) Tag Location: 226 - Data Location: 340 - value: <table: 13851 bytes>
DEBUG:PIL.TiffImagePlugin:tag: PhotoshopInfo (34377) - type: byte (1) Tag Location: 238 - Data Location: 14192 - value: <table: 6702 bytes>
DEBUG:PIL.TiffImagePlugin:tag: ExifIFD (34665) - type: long (4) - value: b'L\x06\xe8\x00'
DEBUG:PIL.TiffImagePlugin:tag: ImageSourceData (37724) - type: undefined (7) Tag Location: 262 - Data Location: 15206008 - value: <table: 13629364 bytes>
DEBUG:PIL.TiffImagePlugin:*** Summary ***
DEBUG:PIL.TiffImagePlugin:- compression: raw
DEBUG:PIL.TiffImagePlugin:- photometric_interpretation: 2
DEBUG:PIL.TiffImagePlugin:- planar_configuration: 1
DEBUG:PIL.TiffImagePlugin:- fill_order: 1
DEBUG:PIL.TiffImagePlugin:- YCbCr subsampling: None
DEBUG:PIL.TiffImagePlugin:- size: (2083, 2430)
DEBUG:PIL.TiffImagePlugin:format key: (b'II', 2, (1,), 1, (8, 8, 8), ())
DEBUG:PIL.TiffImagePlugin:- raw mode: RGB
DEBUG:PIL.TiffImagePlugin:- pil mode: RGB
DEBUG:PIL.TiffImagePlugin:tag: NewSubfileType (254) - type: long (4) - value: b'\x00\x00\x00\x00'
DEBUG:PIL.TiffImagePlugin:tag: ImageWidth (256) - type: short (3) - value: b'#\x08'
DEBUG:PIL.TiffImagePlugin:tag: ImageLength (257) - type: short (3) - value: b'~\t'
DEBUG:PIL.TiffImagePlugin:tag: BitsPerSample (258) - type: short (3) Tag Location: 58 - Data Location: 266 - value: b'\x08\x00\x08\x00\x08\x00'
DEBUG:PIL.TiffImagePlugin:tag: Compression (259) - type: short (3) - value: b'\x01\x00'
DEBUG:PIL.TiffImagePlugin:tag: PhotometricInterpretation (262) - type: short (3) - value: b'\x02\x00'
DEBUG:PIL.TiffImagePlugin:tag: StripOffsets (273) - type: long (4) - value: b'\x9eQ\x00\x00'
DEBUG:PIL.TiffImagePlugin:tag: Orientation (274) - type: short (3) - value: b'\x01\x00'
DEBUG:PIL.TiffImagePlugin:tag: SamplesPerPixel (277) - type: short (3) - value: b'\x03\x00'
DEBUG:PIL.TiffImagePlugin:tag: RowsPerStrip (278) - type: short (3) - value: b'~\t'
DEBUG:PIL.TiffImagePlugin:tag: StripByteCounts (279) - type: long (4) - value: b'\xae\xb4\xe7\x00'
DEBUG:PIL.TiffImagePlugin:tag: XResolution (282) - type: rational (5) Tag Location: 154 - Data Location: 272 - value: b"\xc0\xc6-\x00\x10'\x00\x00"
DEBUG:PIL.TiffImagePlugin:tag: YResolution (283) - type: rational (5) Tag Location: 166 - Data Location: 280 - value: b"\xc0\xc6-\x00\x10'\x00\x00"
DEBUG:PIL.TiffImagePlugin:tag: PlanarConfiguration (284) - type: short (3) - value: b'\x01\x00'
DEBUG:PIL.TiffImagePlugin:tag: ResolutionUnit (296) - type: short (3) - value: b'\x02\x00'
DEBUG:PIL.TiffImagePlugin:tag: Software (305) - type: string (2) Tag Location: 202 - Data Location: 288 - value: b'Adobe Photoshop 21.1 (Windows)\x00'
DEBUG:PIL.TiffImagePlugin:tag: DateTime (306) - type: string (2) Tag Location: 214 - Data Location: 320 - value: b'2021:05:06 14:53:52\x00'
DEBUG:PIL.TiffImagePlugin:tag: XMP (700) - type: byte (1) Tag Location: 226 - Data Location: 340 - value: <table: 13851 bytes>
DEBUG:PIL.TiffImagePlugin:tag: PhotoshopInfo (34377) - type: byte (1) Tag Location: 238 - Data Location: 14192 - value: <table: 6702 bytes>
DEBUG:PIL.TiffImagePlugin:tag: ExifIFD (34665) - type: long (4) - value: b'L\x06\xe8\x00'
DEBUG:PIL.TiffImagePlugin:tag: ImageSourceData (37724) - type: undefined (7) Tag Location: 262 - Data Location: 15206008 - value: <table: 13629364 bytes>
DEBUG:PIL.TiffImagePlugin:tag: ColorSpace (40961) - type: short (3) - value: b'\xff\xff'
DEBUG:PIL.TiffImagePlugin:tag: PixelXDimension (40962) - type: long (4) - value: b'#\x08\x00\x00'
DEBUG:PIL.TiffImagePlugin:tag: PixelYDimension (40963) - type: long (4) - value: b'~\t\x00\x00'
DEBUG:PIL.TiffImagePlugin:*** TiffImageFile._open ***
DEBUG:PIL.TiffImagePlugin:- __first: 8
DEBUG:PIL.TiffImagePlugin:- ifh: b'II*\x00\x08\x00\x00\x00'
DEBUG:PIL.TiffImagePlugin:Seeking to frame 0, on frame -1, __next 8, location: 8
DEBUG:PIL.TiffImagePlugin:Loading tags, location: 8
DEBUG:PIL.TiffImagePlugin:tag: NewSubfileType (254) - type: long (4) - value: b'\x00\x00\x00\x00'
DEBUG:PIL.TiffImagePlugin:tag: ImageWidth (256) - type: short (3) - value: b'[\x08'
DEBUG:PIL.TiffImagePlugin:tag: ImageLength (257) - type: short (3) - value: b'\x8e\n'
DEBUG:PIL.TiffImagePlugin:tag: BitsPerSample (258) - type: short (3) Tag Location: 58 - Data Location: 266 - value: b'\x08\x00\x08\x00\x08\x00'
DEBUG:PIL.TiffImagePlugin:tag: Compression (259) - type: short (3) - value: b'\x01\x00'
DEBUG:PIL.TiffImagePlugin:tag: PhotometricInterpretation (262) - type: short (3) - value: b'\x02\x00'
DEBUG:PIL.TiffImagePlugin:tag: StripOffsets (273) - type: long (4) - value: b'\xb4V\x00\x00'
DEBUG:PIL.TiffImagePlugin:tag: Orientation (274) - type: short (3) - value: b'\x01\x00'
DEBUG:PIL.TiffImagePlugin:tag: SamplesPerPixel (277) - type: short (3) - value: b'\x03\x00'
DEBUG:PIL.TiffImagePlugin:tag: RowsPerStrip (278) - type: short (3) - value: b'\x8e\n'
DEBUG:PIL.TiffImagePlugin:tag: StripByteCounts (279) - type: long (4) - value: b'n\x91\x08\x01'
DEBUG:PIL.TiffImagePlugin:tag: XResolution (282) - type: rational (5) Tag Location: 154 - Data Location: 272 - value: b"\xc0\xc6-\x00\x10'\x00\x00"
DEBUG:PIL.TiffImagePlugin:tag: YResolution (283) - type: rational (5) Tag Location: 166 - Data Location: 280 - value: b"\xc0\xc6-\x00\x10'\x00\x00"
DEBUG:PIL.TiffImagePlugin:tag: PlanarConfiguration (284) - type: short (3) - value: b'\x01\x00'
DEBUG:PIL.TiffImagePlugin:tag: ResolutionUnit (296) - type: short (3) - value: b'\x02\x00'
DEBUG:PIL.TiffImagePlugin:tag: Software (305) - type: string (2) Tag Location: 202 - Data Location: 288 - value: b'Adobe Photoshop 21.1 (Windows)\x00'
DEBUG:PIL.TiffImagePlugin:tag: DateTime (306) - type: string (2) Tag Location: 214 - Data Location: 320 - value: b'2021:05:06 15:02:39\x00'
DEBUG:PIL.TiffImagePlugin:tag: XMP (700) - type: byte (1) Tag Location: 226 - Data Location: 340 - value: <table: 13851 bytes>
DEBUG:PIL.TiffImagePlugin:tag: PhotoshopInfo (34377) - type: byte (1) Tag Location: 238 - Data Location: 14192 - value: <table: 8004 bytes>
DEBUG:PIL.TiffImagePlugin:tag: ExifIFD (34665) - type: long (4) - value: b'$\xe8\x08\x01'
DEBUG:PIL.TiffImagePlugin:tag: ImageSourceData (37724) - type: undefined (7) Tag Location: 262 - Data Location: 17360976 - value: <table: 15643132 bytes>
DEBUG:PIL.TiffImagePlugin:tag: NewSubfileType (254) - type: long (4) - value: b'\x00\x00\x00\x00'
DEBUG:PIL.TiffImagePlugin:tag: ImageWidth (256) - type: short (3) - value: b'[\x08'
DEBUG:PIL.TiffImagePlugin:tag: ImageLength (257) - type: short (3) - value: b'\x8e\n'
DEBUG:PIL.TiffImagePlugin:tag: BitsPerSample (258) - type: short (3) Tag Location: 58 - Data Location: 266 - value: b'\x08\x00\x08\x00\x08\x00'
DEBUG:PIL.TiffImagePlugin:tag: Compression (259) - type: short (3) - value: b'\x01\x00'
DEBUG:PIL.TiffImagePlugin:tag: PhotometricInterpretation (262) - type: short (3) - value: b'\x02\x00'
DEBUG:PIL.TiffImagePlugin:tag: StripOffsets (273) - type: long (4) - value: b'\xb4V\x00\x00'
DEBUG:PIL.TiffImagePlugin:tag: Orientation (274) - type: short (3) - value: b'\x01\x00'
DEBUG:PIL.TiffImagePlugin:tag: SamplesPerPixel (277) - type: short (3) - value: b'\x03\x00'
DEBUG:PIL.TiffImagePlugin:tag: RowsPerStrip (278) - type: short (3) - value: b'\x8e\n'
DEBUG:PIL.TiffImagePlugin:tag: StripByteCounts (279) - type: long (4) - value: b'n\x91\x08\x01'
DEBUG:PIL.TiffImagePlugin:tag: XResolution (282) - type: rational (5) Tag Location: 154 - Data Location: 272 - value: b"\xc0\xc6-\x00\x10'\x00\x00"
DEBUG:PIL.TiffImagePlugin:tag: YResolution (283) - type: rational (5) Tag Location: 166 - Data Location: 280 - value: b"\xc0\xc6-\x00\x10'\x00\x00"
DEBUG:PIL.TiffImagePlugin:tag: PlanarConfiguration (284) - type: short (3) - value: b'\x01\x00'
DEBUG:PIL.TiffImagePlugin:tag: ResolutionUnit (296) - type: short (3) - value: b'\x02\x00'
DEBUG:PIL.TiffImagePlugin:tag: Software (305) - type: string (2) Tag Location: 202 - Data Location: 288 - value: b'Adobe Photoshop 21.1 (Windows)\x00'
DEBUG:PIL.TiffImagePlugin:tag: DateTime (306) - type: string (2) Tag Location: 214 - Data Location: 320 - value: b'2021:05:06 15:02:39\x00'
DEBUG:PIL.TiffImagePlugin:tag: XMP (700) - type: byte (1) Tag Location: 226 - Data Location: 340 - value: <table: 13851 bytes>
DEBUG:PIL.TiffImagePlugin:tag: PhotoshopInfo (34377) - type: byte (1) Tag Location: 238 - Data Location: 14192 - value: <table: 8004 bytes>
DEBUG:PIL.TiffImagePlugin:tag: ExifIFD (34665) - type: long (4) - value: b'$\xe8\x08\x01'
DEBUG:PIL.TiffImagePlugin:tag: ImageSourceData (37724) - type: undefined (7) Tag Location: 262 - Data Location: 17360976 - value: <table: 15643132 bytes>
DEBUG:PIL.TiffImagePlugin:*** Summary ***
DEBUG:PIL.TiffImagePlugin:- compression: raw
DEBUG:PIL.TiffImagePlugin:- photometric_interpretation: 2
DEBUG:PIL.TiffImagePlugin:- planar_configuration: 1
DEBUG:PIL.TiffImagePlugin:- fill_order: 1
DEBUG:PIL.TiffImagePlugin:- YCbCr subsampling: None
DEBUG:PIL.TiffImagePlugin:- size: (2139, 2702)
DEBUG:PIL.TiffImagePlugin:format key: (b'II', 2, (1,), 1, (8, 8, 8), ())
DEBUG:PIL.TiffImagePlugin:- raw mode: RGB
DEBUG:PIL.TiffImagePlugin:- pil mode: RGB
DEBUG:PIL.TiffImagePlugin:tag: NewSubfileType (254) - type: long (4) - value: b'\x00\x00\x00\x00'
DEBUG:PIL.TiffImagePlugin:tag: ImageWidth (256) - type: short (3) - value: b'[\x08'
DEBUG:PIL.TiffImagePlugin:tag: ImageLength (257) - type: short (3) - value: b'\x8e\n'
DEBUG:PIL.TiffImagePlugin:tag: BitsPerSample (258) - type: short (3) Tag Location: 58 - Data Location: 266 - value: b'\x08\x00\x08\x00\x08\x00'
DEBUG:PIL.TiffImagePlugin:tag: Compression (259) - type: short (3) - value: b'\x01\x00'
DEBUG:PIL.TiffImagePlugin:tag: PhotometricInterpretation (262) - type: short (3) - value: b'\x02\x00'
DEBUG:PIL.TiffImagePlugin:tag: StripOffsets (273) - type: long (4) - value: b'\xb4V\x00\x00'
DEBUG:PIL.TiffImagePlugin:tag: Orientation (274) - type: short (3) - value: b'\x01\x00'
DEBUG:PIL.TiffImagePlugin:tag: SamplesPerPixel (277) - type: short (3) - value: b'\x03\x00'
DEBUG:PIL.TiffImagePlugin:tag: RowsPerStrip (278) - type: short (3) - value: b'\x8e\n'
DEBUG:PIL.TiffImagePlugin:tag: StripByteCounts (279) - type: long (4) - value: b'n\x91\x08\x01'
DEBUG:PIL.TiffImagePlugin:tag: XResolution (282) - type: rational (5) Tag Location: 154 - Data Location: 272 - value: b"\xc0\xc6-\x00\x10'\x00\x00"
DEBUG:PIL.TiffImagePlugin:tag: YResolution (283) - type: rational (5) Tag Location: 166 - Data Location: 280 - value: b"\xc0\xc6-\x00\x10'\x00\x00"
DEBUG:PIL.TiffImagePlugin:tag: PlanarConfiguration (284) - type: short (3) - value: b'\x01\x00'
DEBUG:PIL.TiffImagePlugin:tag: ResolutionUnit (296) - type: short (3) - value: b'\x02\x00'
DEBUG:PIL.TiffImagePlugin:tag: Software (305) - type: string (2) Tag Location: 202 - Data Location: 288 - value: b'Adobe Photoshop 21.1 (Windows)\x00'
DEBUG:PIL.TiffImagePlugin:tag: DateTime (306) - type: string (2) Tag Location: 214 - Data Location: 320 - value: b'2021:05:06 15:02:39\x00'
DEBUG:PIL.TiffImagePlugin:tag: XMP (700) - type: byte (1) Tag Location: 226 - Data Location: 340 - value: <table: 13851 bytes>
DEBUG:PIL.TiffImagePlugin:tag: PhotoshopInfo (34377) - type: byte (1) Tag Location: 238 - Data Location: 14192 - value: <table: 8004 bytes>
DEBUG:PIL.TiffImagePlugin:tag: ExifIFD (34665) - type: long (4) - value: b'$\xe8\x08\x01'
DEBUG:PIL.TiffImagePlugin:tag: ImageSourceData (37724) - type: undefined (7) Tag Location: 262 - Data Location: 17360976 - value: <table: 15643132 bytes>
DEBUG:PIL.TiffImagePlugin:tag: ColorSpace (40961) - type: short (3) - value: b'\xff\xff'
DEBUG:PIL.TiffImagePlugin:tag: PixelXDimension (40962) - type: long (4) - value: b'[\x08\x00\x00'
DEBUG:PIL.TiffImagePlugin:tag: PixelYDimension (40963) - type: long (4) - value: b'\x8e\n\x00\x00'
DEBUG:PIL.TiffImagePlugin:*** TiffImageFile._open ***
DEBUG:PIL.TiffImagePlugin:- __first: 3255836
DEBUG:PIL.TiffImagePlugin:- ifh: b'II*\x00\x1c\xae1\x00'
DEBUG:PIL.TiffImagePlugin:Seeking to frame 0, on frame -1, __next 3255836, location: 8
DEBUG:PIL.TiffImagePlugin:Loading tags, location: 3255836
DEBUG:PIL.TiffImagePlugin:tag: unknown (11) - type: string (2) Tag Location: 3255850 - Data Location: 3258178 - value: <table: 38 bytes>
DEBUG:PIL.TiffImagePlugin:tag: NewSubfileType (254) - type: long (4) - value: b'\x00\x00\x00\x00'
DEBUG:PIL.TiffImagePlugin:tag: ImageWidth (256) - type: long (4) - value: b'\xd7\x06\x00\x00'
DEBUG:PIL.TiffImagePlugin:tag: ImageLength (257) - type: long (4) - value: b'\x06\x05\x00\x00'
DEBUG:PIL.TiffImagePlugin:tag: BitsPerSample (258) - type: short (3) Tag Location: 3255898 - Data Location: 3258216 - value: b'\x08\x00\x08\x00\x08\x00'
DEBUG:PIL.TiffImagePlugin:tag: Compression (259) - type: short (3) - value: b'\x05\x00'
DEBUG:PIL.TiffImagePlugin:tag: PhotometricInterpretation (262) - type: short (3) - value: b'\x02\x00'
DEBUG:PIL.TiffImagePlugin:tag: StripOffsets (273) - type: long (4) Tag Location: 3255934 - Data Location: 3258222 - value: <table: 2572 bytes>
DEBUG:PIL.TiffImagePlugin:tag: Orientation (274) - type: short (3) - value: b'\x01\x00'
DEBUG:PIL.TiffImagePlugin:tag: SamplesPerPixel (277) - type: short (3) - value: b'\x03\x00'
DEBUG:PIL.TiffImagePlugin:tag: RowsPerStrip (278) - type: long (4) - value: b'\x02\x00\x00\x00'
DEBUG:PIL.TiffImagePlugin:tag: StripByteCounts (279) - type: long (4) Tag Location: 3255982 - Data Location: 3260794 - value: <table: 2572 bytes>
DEBUG:PIL.TiffImagePlugin:tag: XResolution (282) - type: rational (5) Tag Location: 3255994 - Data Location: 3263366 - value: b'@\r\x03\x00\xe8\x03\x00\x00'
DEBUG:PIL.TiffImagePlugin:tag: YResolution (283) - type: rational (5) Tag Location: 3256006 - Data Location: 3263374 - value: b'@\r\x03\x00\xe8\x03\x00\x00'
DEBUG:PIL.TiffImagePlugin:tag: PlanarConfiguration (284) - type: short (3) - value: b'\x01\x00'
DEBUG:PIL.TiffImagePlugin:tag: ResolutionUnit (296) - type: short (3) - value: b'\x02\x00'
DEBUG:PIL.TiffImagePlugin:tag: Software (305) - type: string (2) Tag Location: 3256042 - Data Location: 3263382 - value: <table: 38 bytes>
DEBUG:PIL.TiffImagePlugin:tag: DateTime (306) - type: string (2) Tag Location: 3256054 - Data Location: 3263420 - value: b'2022:06:21 11:20:57\x00'
DEBUG:PIL.TiffImagePlugin:tag: Predictor (317) - type: short (3) - value: b'\x02\x00'
DEBUG:PIL.TiffImagePlugin:tag: unknown (330) - type: long (4) - value: b'\xd0\xcb1\x00'
DEBUG:PIL.TiffImagePlugin:tag: XMP (700) - type: byte (1) Tag Location: 3256090 - Data Location: 3263792 - value: <table: 12741 bytes>
DEBUG:PIL.TiffImagePlugin:tag: ExifIFD (34665) - type: long (4) - value: b'\xf6\xfe1\x00'
DEBUG:PIL.TiffImagePlugin:tag: unknown (59932) - type: undefined (7) Tag Location: 3256114 - Data Location: 3256118 - value: <table: 2060 bytes>
DEBUG:PIL.TiffImagePlugin:tag: unknown (11) - type: string (2) Tag Location: 3255850 - Data Location: 3258178 - value: <table: 38 bytes>
DEBUG:PIL.TiffImagePlugin:tag: NewSubfileType (254) - type: long (4) - value: b'\x00\x00\x00\x00'
DEBUG:PIL.TiffImagePlugin:tag: ImageWidth (256) - type: long (4) - value: b'\xd7\x06\x00\x00'
DEBUG:PIL.TiffImagePlugin:tag: ImageLength (257) - type: long (4) - value: b'\x06\x05\x00\x00'
DEBUG:PIL.TiffImagePlugin:tag: BitsPerSample (258) - type: short (3) Tag Location: 3255898 - Data Location: 3258216 - value: b'\x08\x00\x08\x00\x08\x00'
DEBUG:PIL.TiffImagePlugin:tag: Compression (259) - type: short (3) - value: b'\x05\x00'
DEBUG:PIL.TiffImagePlugin:tag: PhotometricInterpretation (262) - type: short (3) - value: b'\x02\x00'
DEBUG:PIL.TiffImagePlugin:tag: StripOffsets (273) - type: long (4) Tag Location: 3255934 - Data Location: 3258222 - value: <table: 2572 bytes>
DEBUG:PIL.TiffImagePlugin:tag: Orientation (274) - type: short (3) - value: b'\x01\x00'
DEBUG:PIL.TiffImagePlugin:tag: SamplesPerPixel (277) - type: short (3) - value: b'\x03\x00'
DEBUG:PIL.TiffImagePlugin:tag: RowsPerStrip (278) - type: long (4) - value: b'\x02\x00\x00\x00'
DEBUG:PIL.TiffImagePlugin:tag: StripByteCounts (279) - type: long (4) Tag Location: 3255982 - Data Location: 3260794 - value: <table: 2572 bytes>
DEBUG:PIL.TiffImagePlugin:tag: XResolution (282) - type: rational (5) Tag Location: 3255994 - Data Location: 3263366 - value: b'@\r\x03\x00\xe8\x03\x00\x00'
DEBUG:PIL.TiffImagePlugin:tag: YResolution (283) - type: rational (5) Tag Location: 3256006 - Data Location: 3263374 - value: b'@\r\x03\x00\xe8\x03\x00\x00'
DEBUG:PIL.TiffImagePlugin:tag: PlanarConfiguration (284) - type: short (3) - value: b'\x01\x00'
DEBUG:PIL.TiffImagePlugin:tag: ResolutionUnit (296) - type: short (3) - value: b'\x02\x00'
DEBUG:PIL.TiffImagePlugin:tag: Software (305) - type: string (2) Tag Location: 3256042 - Data Location: 3263382 - value: <table: 38 bytes>
DEBUG:PIL.TiffImagePlugin:tag: DateTime (306) - type: string (2) Tag Location: 3256054 - Data Location: 3263420 - value: b'2022:06:21 11:20:57\x00'
DEBUG:PIL.TiffImagePlugin:tag: Predictor (317) - type: short (3) - value: b'\x02\x00'
DEBUG:PIL.TiffImagePlugin:tag: unknown (330) - type: long (4) - value: b'\xd0\xcb1\x00'
DEBUG:PIL.TiffImagePlugin:tag: XMP (700) - type: byte (1) Tag Location: 3256090 - Data Location: 3263792 - value: <table: 12741 bytes>
DEBUG:PIL.TiffImagePlugin:tag: ExifIFD (34665) - type: long (4) - value: b'\xf6\xfe1\x00'
DEBUG:PIL.TiffImagePlugin:tag: unknown (59932) - type: undefined (7) Tag Location: 3256114 - Data Location: 3256118 - value: <table: 2060 bytes>
DEBUG:PIL.TiffImagePlugin:*** Summary ***
DEBUG:PIL.TiffImagePlugin:- compression: tiff_lzw
DEBUG:PIL.TiffImagePlugin:- photometric_interpretation: 2
DEBUG:PIL.TiffImagePlugin:- planar_configuration: 1
DEBUG:PIL.TiffImagePlugin:- fill_order: 1
DEBUG:PIL.TiffImagePlugin:- YCbCr subsampling: None
DEBUG:PIL.TiffImagePlugin:- size: (1751, 1286)
DEBUG:PIL.TiffImagePlugin:format key: (b'II', 2, (1,), 1, (8, 8, 8), ())
DEBUG:PIL.TiffImagePlugin:- raw mode: RGB
DEBUG:PIL.TiffImagePlugin:- pil mode: RGB
DEBUG:PIL.TiffImagePlugin:have fileno, calling fileno version of the decoder.
